{"C:\\Users\\valer\\Desktop\\ITop1000\\server\\db.js": {"path":"C:\\Users\\valer\\Desktop\\ITop1000\\server\\db.js","statementMap":{"0":{"start":{"line":1,"column":13},"end":{"line":1,"column":31}},"1":{"start":{"line":3,"column":13},"end":{"line":14,"column":2}},"2":{"start":{"line":16,"column":0},"end":{"line":16,"column":22}}},"fnMap":{},"branchMap":{},"s":{"0":11,"1":11,"2":11},"f":{},"b":{},"_coverageSchema":"1a1c01bbd47fc00a2c39e90264f33305004495a9","hash":"4c857382084352ec86254681df218962557faf73"}
,"C:\\Users\\valer\\Desktop\\ITop1000\\server\\index.js": {"path":"C:\\Users\\valer\\Desktop\\ITop1000\\server\\index.js","statementMap":{"0":{"start":{"line":1,"column":0},"end":{"line":1,"column":27}},"1":{"start":{"line":3,"column":16},"end":{"line":3,"column":34}},"2":{"start":{"line":4,"column":13},"end":{"line":4,"column":28}},"3":{"start":{"line":5,"column":13},"end":{"line":5,"column":28}},"4":{"start":{"line":7,"column":12},"end":{"line":7,"column":35}},"5":{"start":{"line":9,"column":15},"end":{"line":9,"column":32}},"6":{"start":{"line":10,"column":19},"end":{"line":10,"column":21}},"7":{"start":{"line":12,"column":13},"end":{"line":12,"column":37}},"8":{"start":{"line":13,"column":12},"end":{"line":13,"column":21}},"9":{"start":{"line":15,"column":0},"end":{"line":15,"column":24}},"10":{"start":{"line":16,"column":0},"end":{"line":16,"column":16}},"11":{"start":{"line":20,"column":0},"end":{"line":40,"column":3}},"12":{"start":{"line":21,"column":4},"end":{"line":39,"column":5}},"13":{"start":{"line":22,"column":64},"end":{"line":22,"column":72}},"14":{"start":{"line":23,"column":29},"end":{"line":23,"column":70}},"15":{"start":{"line":25,"column":22},"end":{"line":25,"column":61}},"16":{"start":{"line":26,"column":8},"end":{"line":30,"column":9}},"17":{"start":{"line":26,"column":20},"end":{"line":26,"column":21}},"18":{"start":{"line":27,"column":12},"end":{"line":29,"column":13}},"19":{"start":{"line":28,"column":16},"end":{"line":28,"column":110}},"20":{"start":{"line":32,"column":24},"end":{"line":32,"column":178}},"21":{"start":{"line":33,"column":25},"end":{"line":33,"column":32}},"22":{"start":{"line":34,"column":8},"end":{"line":34,"column":68}},"23":{"start":{"line":38,"column":8},"end":{"line":38,"column":37}},"24":{"start":{"line":42,"column":0},"end":{"line":62,"column":3}},"25":{"start":{"line":43,"column":4},"end":{"line":61,"column":5}},"26":{"start":{"line":44,"column":44},"end":{"line":44,"column":52}},"27":{"start":{"line":45,"column":24},"end":{"line":45,"column":97}},"28":{"start":{"line":47,"column":8},"end":{"line":58,"column":9}},"29":{"start":{"line":48,"column":12},"end":{"line":48,"column":95}},"30":{"start":{"line":50,"column":34},"end":{"line":50,"column":96}},"31":{"start":{"line":51,"column":12},"end":{"line":57,"column":13}},"32":{"start":{"line":52,"column":33},"end":{"line":52,"column":48}},"33":{"start":{"line":53,"column":36},"end":{"line":53,"column":144}},"34":{"start":{"line":54,"column":16},"end":{"line":54,"column":70}},"35":{"start":{"line":56,"column":16},"end":{"line":56,"column":89}},"36":{"start":{"line":60,"column":8},"end":{"line":60,"column":37}},"37":{"start":{"line":65,"column":0},"end":{"line":72,"column":3}},"38":{"start":{"line":66,"column":4},"end":{"line":71,"column":5}},"39":{"start":{"line":67,"column":25},"end":{"line":67,"column":64}},"40":{"start":{"line":68,"column":8},"end":{"line":68,"column":53}},"41":{"start":{"line":70,"column":8},"end":{"line":70,"column":37}},"42":{"start":{"line":75,"column":0},"end":{"line":88,"column":3}},"43":{"start":{"line":76,"column":4},"end":{"line":87,"column":5}},"44":{"start":{"line":77,"column":23},"end":{"line":77,"column":33}},"45":{"start":{"line":78,"column":21},"end":{"line":78,"column":84}},"46":{"start":{"line":80,"column":8},"end":{"line":82,"column":9}},"47":{"start":{"line":81,"column":12},"end":{"line":81,"column":72}},"48":{"start":{"line":84,"column":8},"end":{"line":84,"column":119}},"49":{"start":{"line":86,"column":8},"end":{"line":86,"column":37}},"50":{"start":{"line":91,"column":0},"end":{"line":104,"column":3}},"51":{"start":{"line":92,"column":4},"end":{"line":103,"column":5}},"52":{"start":{"line":93,"column":58},"end":{"line":93,"column":66}},"53":{"start":{"line":94,"column":27},"end":{"line":94,"column":167}},"54":{"start":{"line":96,"column":8},"end":{"line":98,"column":9}},"55":{"start":{"line":97,"column":12},"end":{"line":97,"column":97}},"56":{"start":{"line":100,"column":8},"end":{"line":100,"column":99}},"57":{"start":{"line":107,"column":0},"end":{"line":120,"column":3}},"58":{"start":{"line":108,"column":4},"end":{"line":119,"column":5}},"59":{"start":{"line":109,"column":27},"end":{"line":109,"column":35}},"60":{"start":{"line":110,"column":28},"end":{"line":110,"column":93}},"61":{"start":{"line":112,"column":8},"end":{"line":114,"column":9}},"62":{"start":{"line":113,"column":12},"end":{"line":113,"column":97}},"63":{"start":{"line":116,"column":8},"end":{"line":116,"column":100}},"64":{"start":{"line":118,"column":8},"end":{"line":118,"column":35}},"65":{"start":{"line":127,"column":0},"end":{"line":141,"column":3}},"66":{"start":{"line":128,"column":4},"end":{"line":140,"column":5}},"67":{"start":{"line":129,"column":103},"end":{"line":129,"column":111}},"68":{"start":{"line":130,"column":21},"end":{"line":130,"column":95}},"69":{"start":{"line":132,"column":8},"end":{"line":134,"column":9}},"70":{"start":{"line":133,"column":12},"end":{"line":133,"column":78}},"71":{"start":{"line":136,"column":27},"end":{"line":136,"column":272}},"72":{"start":{"line":137,"column":8},"end":{"line":137,"column":106}},"73":{"start":{"line":139,"column":8},"end":{"line":139,"column":35}},"74":{"start":{"line":143,"column":0},"end":{"line":150,"column":3}},"75":{"start":{"line":144,"column":4},"end":{"line":149,"column":5}},"76":{"start":{"line":145,"column":28},"end":{"line":145,"column":74}},"77":{"start":{"line":146,"column":8},"end":{"line":146,"column":66}},"78":{"start":{"line":148,"column":8},"end":{"line":148,"column":37}},"79":{"start":{"line":152,"column":0},"end":{"line":165,"column":3}},"80":{"start":{"line":153,"column":4},"end":{"line":164,"column":5}},"81":{"start":{"line":154,"column":23},"end":{"line":154,"column":33}},"82":{"start":{"line":155,"column":24},"end":{"line":155,"column":97}},"83":{"start":{"line":157,"column":8},"end":{"line":159,"column":9}},"84":{"start":{"line":158,"column":12},"end":{"line":158,"column":75}},"85":{"start":{"line":161,"column":8},"end":{"line":161,"column":128}},"86":{"start":{"line":163,"column":8},"end":{"line":163,"column":37}},"87":{"start":{"line":167,"column":0},"end":{"line":180,"column":3}},"88":{"start":{"line":168,"column":4},"end":{"line":179,"column":5}},"89":{"start":{"line":169,"column":99},"end":{"line":169,"column":107}},"90":{"start":{"line":170,"column":30},"end":{"line":170,"column":267}},"91":{"start":{"line":172,"column":8},"end":{"line":174,"column":9}},"92":{"start":{"line":173,"column":12},"end":{"line":173,"column":106}},"93":{"start":{"line":176,"column":8},"end":{"line":176,"column":70}},"94":{"start":{"line":182,"column":0},"end":{"line":195,"column":3}},"95":{"start":{"line":183,"column":4},"end":{"line":194,"column":5}},"96":{"start":{"line":184,"column":30},"end":{"line":184,"column":38}},"97":{"start":{"line":185,"column":31},"end":{"line":185,"column":109}},"98":{"start":{"line":187,"column":8},"end":{"line":189,"column":9}},"99":{"start":{"line":188,"column":12},"end":{"line":188,"column":105}},"100":{"start":{"line":191,"column":8},"end":{"line":191,"column":109}},"101":{"start":{"line":193,"column":8},"end":{"line":193,"column":35}},"102":{"start":{"line":199,"column":14},"end":{"line":207,"column":1}},"103":{"start":{"line":200,"column":4},"end":{"line":206,"column":5}},"104":{"start":{"line":201,"column":8},"end":{"line":203,"column":11}},"105":{"start":{"line":202,"column":12},"end":{"line":202,"column":83}},"106":{"start":{"line":202,"column":35},"end":{"line":202,"column":81}},"107":{"start":{"line":205,"column":8},"end":{"line":205,"column":25}},"108":{"start":{"line":209,"column":0},"end":{"line":209,"column":8}},"109":{"start":{"line":211,"column":0},"end":{"line":211,"column":21}}},"fnMap":{"0":{"name":"(anonymous_0)","decl":{"start":{"line":20,"column":27},"end":{"line":20,"column":28}},"loc":{"start":{"line":20,"column":46},"end":{"line":40,"column":1}},"line":20},"1":{"name":"(anonymous_1)","decl":{"start":{"line":42,"column":24},"end":{"line":42,"column":25}},"loc":{"start":{"line":42,"column":43},"end":{"line":62,"column":1}},"line":42},"2":{"name":"(anonymous_2)","decl":{"start":{"line":65,"column":22},"end":{"line":65,"column":23}},"loc":{"start":{"line":65,"column":41},"end":{"line":72,"column":1}},"line":65},"3":{"name":"(anonymous_3)","decl":{"start":{"line":75,"column":26},"end":{"line":75,"column":27}},"loc":{"start":{"line":75,"column":45},"end":{"line":88,"column":1}},"line":75},"4":{"name":"(anonymous_4)","decl":{"start":{"line":91,"column":24},"end":{"line":91,"column":25}},"loc":{"start":{"line":91,"column":43},"end":{"line":104,"column":1}},"line":91},"5":{"name":"(anonymous_5)","decl":{"start":{"line":107,"column":28},"end":{"line":107,"column":29}},"loc":{"start":{"line":107,"column":47},"end":{"line":120,"column":1}},"line":107},"6":{"name":"(anonymous_6)","decl":{"start":{"line":127,"column":28},"end":{"line":127,"column":29}},"loc":{"start":{"line":127,"column":47},"end":{"line":141,"column":1}},"line":127},"7":{"name":"(anonymous_7)","decl":{"start":{"line":143,"column":25},"end":{"line":143,"column":26}},"loc":{"start":{"line":143,"column":44},"end":{"line":150,"column":1}},"line":143},"8":{"name":"(anonymous_8)","decl":{"start":{"line":152,"column":28},"end":{"line":152,"column":29}},"loc":{"start":{"line":152,"column":47},"end":{"line":165,"column":1}},"line":152},"9":{"name":"(anonymous_9)","decl":{"start":{"line":167,"column":27},"end":{"line":167,"column":28}},"loc":{"start":{"line":167,"column":46},"end":{"line":180,"column":1}},"line":167},"10":{"name":"(anonymous_10)","decl":{"start":{"line":182,"column":31},"end":{"line":182,"column":32}},"loc":{"start":{"line":182,"column":50},"end":{"line":195,"column":1}},"line":182},"11":{"name":"(anonymous_11)","decl":{"start":{"line":199,"column":14},"end":{"line":199,"column":15}},"loc":{"start":{"line":199,"column":25},"end":{"line":207,"column":1}},"line":199},"12":{"name":"(anonymous_12)","decl":{"start":{"line":202,"column":29},"end":{"line":202,"column":30}},"loc":{"start":{"line":202,"column":35},"end":{"line":202,"column":81}},"line":202}},"branchMap":{"0":{"loc":{"start":{"line":12,"column":13},"end":{"line":12,"column":37}},"type":"binary-expr","locations":[{"start":{"line":12,"column":13},"end":{"line":12,"column":29}},{"start":{"line":12,"column":33},"end":{"line":12,"column":37}}],"line":12},"1":{"loc":{"start":{"line":27,"column":12},"end":{"line":29,"column":13}},"type":"if","locations":[{"start":{"line":27,"column":12},"end":{"line":29,"column":13}},{"start":{},"end":{}}],"line":27},"2":{"loc":{"start":{"line":27,"column":15},"end":{"line":27,"column":91}},"type":"binary-expr","locations":[{"start":{"line":27,"column":15},"end":{"line":27,"column":52}},{"start":{"line":27,"column":56},"end":{"line":27,"column":91}}],"line":27},"3":{"loc":{"start":{"line":47,"column":8},"end":{"line":58,"column":9}},"type":"if","locations":[{"start":{"line":47,"column":8},"end":{"line":58,"column":9}},{"start":{"line":49,"column":15},"end":{"line":58,"column":9}}],"line":47},"4":{"loc":{"start":{"line":51,"column":12},"end":{"line":57,"column":13}},"type":"if","locations":[{"start":{"line":51,"column":12},"end":{"line":57,"column":13}},{"start":{"line":55,"column":19},"end":{"line":57,"column":13}}],"line":51},"5":{"loc":{"start":{"line":80,"column":8},"end":{"line":82,"column":9}},"type":"if","locations":[{"start":{"line":80,"column":8},"end":{"line":82,"column":9}},{"start":{},"end":{}}],"line":80},"6":{"loc":{"start":{"line":96,"column":8},"end":{"line":98,"column":9}},"type":"if","locations":[{"start":{"line":96,"column":8},"end":{"line":98,"column":9}},{"start":{},"end":{}}],"line":96},"7":{"loc":{"start":{"line":112,"column":8},"end":{"line":114,"column":9}},"type":"if","locations":[{"start":{"line":112,"column":8},"end":{"line":114,"column":9}},{"start":{},"end":{}}],"line":112},"8":{"loc":{"start":{"line":132,"column":8},"end":{"line":134,"column":9}},"type":"if","locations":[{"start":{"line":132,"column":8},"end":{"line":134,"column":9}},{"start":{},"end":{}}],"line":132},"9":{"loc":{"start":{"line":157,"column":8},"end":{"line":159,"column":9}},"type":"if","locations":[{"start":{"line":157,"column":8},"end":{"line":159,"column":9}},{"start":{},"end":{}}],"line":157},"10":{"loc":{"start":{"line":172,"column":8},"end":{"line":174,"column":9}},"type":"if","locations":[{"start":{"line":172,"column":8},"end":{"line":174,"column":9}},{"start":{},"end":{}}],"line":172},"11":{"loc":{"start":{"line":187,"column":8},"end":{"line":189,"column":9}},"type":"if","locations":[{"start":{"line":187,"column":8},"end":{"line":189,"column":9}},{"start":{},"end":{}}],"line":187},"12":{"loc":{"start":{"line":201,"column":8},"end":{"line":203,"column":11}},"type":"if","locations":[{"start":{"line":201,"column":8},"end":{"line":203,"column":11}},{"start":{},"end":{}}],"line":201}},"s":{"0":11,"1":11,"2":11,"3":11,"4":11,"5":11,"6":11,"7":11,"8":11,"9":11,"10":11,"11":11,"12":3,"13":3,"14":3,"15":3,"16":3,"17":3,"18":14,"19":2,"20":1,"21":1,"22":1,"23":0,"24":11,"25":3,"26":3,"27":3,"28":3,"29":1,"30":2,"31":2,"32":1,"33":1,"34":1,"35":1,"36":0,"37":11,"38":1,"39":1,"40":1,"41":0,"42":11,"43":2,"44":2,"45":2,"46":2,"47":1,"48":1,"49":0,"50":11,"51":2,"52":2,"53":2,"54":2,"55":1,"56":1,"57":11,"58":2,"59":2,"60":2,"61":2,"62":1,"63":1,"64":0,"65":11,"66":2,"67":2,"68":2,"69":2,"70":1,"71":1,"72":1,"73":0,"74":11,"75":1,"76":1,"77":1,"78":0,"79":11,"80":2,"81":2,"82":2,"83":2,"84":1,"85":1,"86":0,"87":11,"88":2,"89":2,"90":2,"91":2,"92":1,"93":1,"94":11,"95":2,"96":2,"97":2,"98":2,"99":1,"100":1,"101":0,"102":11,"103":11,"104":11,"105":0,"106":0,"107":0,"108":11,"109":11},"f":{"0":3,"1":3,"2":1,"3":2,"4":2,"5":2,"6":2,"7":1,"8":2,"9":2,"10":2,"11":11,"12":0},"b":{"0":[11,0],"1":[2,12],"2":[14,13],"3":[1,2],"4":[1,1],"5":[1,1],"6":[1,1],"7":[1,1],"8":[1,1],"9":[1,1],"10":[1,1],"11":[1,1],"12":[0,11]},"_coverageSchema":"1a1c01bbd47fc00a2c39e90264f33305004495a9","hash":"3b16fcbcf21529756b7812085fbd080d8197b95a"}
}
