TN:
SF:db.js
FNF:0
FNH:0
DA:1,11
DA:3,11
DA:16,11
LF:3
LH:3
BRF:0
BRH:0
end_of_record
TN:
SF:index.js
FN:20,(anonymous_0)
FN:42,(anonymous_1)
FN:65,(anonymous_2)
FN:75,(anonymous_3)
FN:91,(anonymous_4)
FN:107,(anonymous_5)
FN:127,(anonymous_6)
FN:143,(anonymous_7)
FN:152,(anonymous_8)
FN:167,(anonymous_9)
FN:182,(anonymous_10)
FN:199,(anonymous_11)
FN:202,(anonymous_12)
FNF:13
FNH:12
FNDA:3,(anonymous_0)
FNDA:3,(anonymous_1)
FNDA:1,(anonymous_2)
FNDA:2,(anonymous_3)
FNDA:2,(anonymous_4)
FNDA:2,(anonymous_5)
FNDA:2,(anonymous_6)
FNDA:1,(anonymous_7)
FNDA:2,(anonymous_8)
FNDA:2,(anonymous_9)
FNDA:2,(anonymous_10)
FNDA:11,(anonymous_11)
FNDA:0,(anonymous_12)
DA:1,11
DA:3,11
DA:4,11
DA:5,11
DA:7,11
DA:9,11
DA:10,11
DA:12,11
DA:13,11
DA:15,11
DA:16,11
DA:20,11
DA:21,3
DA:22,3
DA:23,3
DA:25,3
DA:26,3
DA:27,14
DA:28,2
DA:32,1
DA:33,1
DA:34,1
DA:38,0
DA:42,11
DA:43,3
DA:44,3
DA:45,3
DA:47,3
DA:48,1
DA:50,2
DA:51,2
DA:52,1
DA:53,1
DA:54,1
DA:56,1
DA:60,0
DA:65,11
DA:66,1
DA:67,1
DA:68,1
DA:70,0
DA:75,11
DA:76,2
DA:77,2
DA:78,2
DA:80,2
DA:81,1
DA:84,1
DA:86,0
DA:91,11
DA:92,2
DA:93,2
DA:94,2
DA:96,2
DA:97,1
DA:100,1
DA:107,11
DA:108,2
DA:109,2
DA:110,2
DA:112,2
DA:113,1
DA:116,1
DA:118,0
DA:127,11
DA:128,2
DA:129,2
DA:130,2
DA:132,2
DA:133,1
DA:136,1
DA:137,1
DA:139,0
DA:143,11
DA:144,1
DA:145,1
DA:146,1
DA:148,0
DA:152,11
DA:153,2
DA:154,2
DA:155,2
DA:157,2
DA:158,1
DA:161,1
DA:163,0
DA:167,11
DA:168,2
DA:169,2
DA:170,2
DA:172,2
DA:173,1
DA:176,1
DA:182,11
DA:183,2
DA:184,2
DA:185,2
DA:187,2
DA:188,1
DA:191,1
DA:193,0
DA:199,11
DA:200,11
DA:201,11
DA:202,0
DA:205,0
DA:209,11
DA:211,11
LF:108
LH:97
BRDA:12,0,0,11
BRDA:12,0,1,0
BRDA:27,1,0,2
BRDA:27,1,1,12
BRDA:27,2,0,14
BRDA:27,2,1,13
BRDA:47,3,0,1
BRDA:47,3,1,2
BRDA:51,4,0,1
BRDA:51,4,1,1
BRDA:80,5,0,1
BRDA:80,5,1,1
BRDA:96,6,0,1
BRDA:96,6,1,1
BRDA:112,7,0,1
BRDA:112,7,1,1
BRDA:132,8,0,1
BRDA:132,8,1,1
BRDA:157,9,0,1
BRDA:157,9,1,1
BRDA:172,10,0,1
BRDA:172,10,1,1
BRDA:187,11,0,1
BRDA:187,11,1,1
BRDA:201,12,0,0
BRDA:201,12,1,11
BRF:26
BRH:24
end_of_record
